<?xml version="1.0" encoding="UTF-8"?>
<!-- Generated by org.testng.reporters.JUnitReportReporter -->
<testsuite skipped="0" hostname="AGIRDHER-LAP" name="com.crm.qa.testcases.HomePageTest" tests="3" failures="0" timestamp="09 Apr 2018 21:23:31 GMT" time="46.412" errors="0">
  <testcase name="verifyHomePageTitleTest" time="17.670" classname="com.crm.qa.testcases.HomePageTest"/>
  <testcase name="verifyLoginUserTest" time="15.244" classname="com.crm.qa.testcases.HomePageTest"/>
  <testcase name="clickContactsTest" time="13.498" classname="com.crm.qa.testcases.HomePageTest"/>
</testsuite> <!-- com.crm.qa.testcases.HomePageTest -->
