<?xml version="1.0" encoding="UTF-8"?>
<!-- Generated by org.testng.reporters.JUnitReportReporter -->
<testsuite skipped="0" hostname="AGIRDHER-LAP" name="com.crm.qa.testcases.LoginPageTest" tests="3" failures="0" timestamp="09 Apr 2018 21:23:31 GMT" time="34.370" errors="0">
  <testcase name="titleTest" time="10.425" classname="com.crm.qa.testcases.LoginPageTest"/>
  <testcase name="logoTest" time="8.598" classname="com.crm.qa.testcases.LoginPageTest"/>
  <testcase name="loginTest" time="15.347" classname="com.crm.qa.testcases.LoginPageTest"/>
</testsuite> <!-- com.crm.qa.testcases.LoginPageTest -->
