<?xml version="1.0" encoding="UTF-8"?>
<!-- Generated by org.testng.reporters.JUnitReportReporter -->
<testsuite skipped="0" hostname="AGIRDHER-LAP" name="com.crm.qa.testcases.HomePageTest" tests="3" failures="0" timestamp="09 Apr 2018 21:44:45 GMT" time="48.013" errors="0">
  <testcase name="verifyHomePageTitleTest" time="17.304" classname="com.crm.qa.testcases.HomePageTest"/>
  <testcase name="verifyLoginUserTest" time="17.941" classname="com.crm.qa.testcases.HomePageTest"/>
  <testcase name="clickContactsTest" time="12.768" classname="com.crm.qa.testcases.HomePageTest"/>
</testsuite> <!-- com.crm.qa.testcases.HomePageTest -->
