<?xml version="1.0" encoding="UTF-8"?>
<!-- Generated by org.testng.reporters.JUnitReportReporter -->
<testsuite skipped="0" hostname="AGIRDHER-LAP" name="com.crm.qa.testcases.LoginPageTest" tests="3" failures="0" timestamp="09 Apr 2018 21:44:45 GMT" time="33.300" errors="0">
  <testcase name="titleTest" time="8.473" classname="com.crm.qa.testcases.LoginPageTest"/>
  <testcase name="logoTest" time="9.665" classname="com.crm.qa.testcases.LoginPageTest"/>
  <testcase name="loginTest" time="15.162" classname="com.crm.qa.testcases.LoginPageTest"/>
</testsuite> <!-- com.crm.qa.testcases.LoginPageTest -->
